<?xml version="1.0" encoding="UTF-8"?>
<!-- Generated by org.testng.reporters.JUnitXMLReporter -->
<testsuite ignored="0" hostname="DESKTOP-1ODSTUU" failures="0" tests="5" name="Default test" time="49.96" errors="0" timestamp="2025-04-02T23:41:50 IST">
  <testcase classname="AllCover.NoteMaster" name="signUp" time="1.322"/>
  <testcase classname="AllCover.NoteMaster" name="logIn" time="8.2"/>
  <testcase classname="AllCover.NoteMaster" name="WriteNotes" time="20.821"/>
  <testcase classname="AllCover.NoteMaster" name="profile" time="6.453"/>
  <testcase classname="AllCover.NoteMaster" name="Logout" time="2.217"/>
</testsuite> <!-- Default test -->
