<?xml version="1.0" encoding="UTF-8"?>
<testng-results ignored="0" total="5" passed="5" failed="0" skipped="0">
  <reporter-output>
  </reporter-output>
  <suite started-at="2025-04-02T23:41:00 IST" name="Default suite" finished-at="2025-04-02T23:41:50 IST" duration-ms="49960">
    <groups>
    </groups>
    <test started-at="2025-04-02T23:41:00 IST" name="Default test" finished-at="2025-04-02T23:41:50 IST" duration-ms="49960">
      <class name="AllCover.NoteMaster">
        <test-method is-config="true" signature="setup()[pri:0, instance:AllCover.NoteMaster@26794848]" started-at="2025-04-02T23:41:00 IST" name="setup" finished-at="2025-04-02T23:41:06 IST" duration-ms="5457" status="PASS">
          <reporter-output>
          </reporter-output>
        </test-method> <!-- setup -->
        <test-method signature="signUp()[pri:0, instance:AllCover.NoteMaster@26794848]" started-at="2025-04-02T23:41:06 IST" name="signUp" finished-at="2025-04-02T23:41:07 IST" duration-ms="1322" status="PASS">
          <reporter-output>
          </reporter-output>
        </test-method> <!-- signUp -->
        <test-method signature="logIn()[pri:1, instance:AllCover.NoteMaster@26794848]" started-at="2025-04-02T23:41:07 IST" name="logIn" finished-at="2025-04-02T23:41:15 IST" duration-ms="8200" status="PASS">
          <reporter-output>
          </reporter-output>
        </test-method> <!-- logIn -->
        <test-method signature="WriteNotes()[pri:2, instance:AllCover.NoteMaster@26794848]" started-at="2025-04-02T23:41:15 IST" name="WriteNotes" finished-at="2025-04-02T23:41:36 IST" duration-ms="20821" status="PASS">
          <reporter-output>
          </reporter-output>
        </test-method> <!-- WriteNotes -->
        <test-method signature="profile()[pri:3, instance:AllCover.NoteMaster@26794848]" started-at="2025-04-02T23:41:36 IST" name="profile" finished-at="2025-04-02T23:41:43 IST" duration-ms="6453" status="PASS">
          <reporter-output>
          </reporter-output>
        </test-method> <!-- profile -->
        <test-method signature="Logout()[pri:4, instance:AllCover.NoteMaster@26794848]" started-at="2025-04-02T23:41:43 IST" name="Logout" finished-at="2025-04-02T23:41:45 IST" duration-ms="2217" status="PASS">
          <reporter-output>
          </reporter-output>
        </test-method> <!-- Logout -->
        <test-method is-config="true" signature="tearDown()[pri:0, instance:AllCover.NoteMaster@26794848]" started-at="2025-04-02T23:41:45 IST" name="tearDown" finished-at="2025-04-02T23:41:50 IST" duration-ms="5341" status="PASS">
          <reporter-output>
          </reporter-output>
        </test-method> <!-- tearDown -->
      </class> <!-- AllCover.NoteMaster -->
    </test> <!-- Default test -->
  </suite> <!-- Default suite -->
</testng-results>
